  pch.cpp
  Autoplayer.cpp
H:\FYP code\sxg081\GameChecker.cpp(104,18): warning C4244: 'initializing': conversion from 'double' to 'float', possible loss of data
H:\FYP code\sxg081\GameChecker.cpp(108,1): warning C4305: 'initializing': truncation from 'int' to 'float'
H:\FYP code\sxg081\GameChecker.cpp(112,19): warning C4244: 'initializing': conversion from 'double' to 'float', possible loss of data
H:\FYP code\sxg081\GameChecker.cpp(135,18): warning C4244: 'initializing': conversion from 'double' to 'float', possible loss of data
H:\FYP code\sxg081\GameChecker.cpp(130,19): warning C4101: 'z_Target': unreferenced local variable
H:\FYP code\sxg081\GameChecker.cpp(129,20): warning C4101: 'z_Current': unreferenced local variable
H:\FYP code\sxg081\Controller.cpp(23,24): warning C4244: 'initializing': conversion from 'double' to 'float', possible loss of data
H:\FYP code\sxg081\Autoplayer.cpp(683,24): warning C4244: 'initializing': conversion from 'double' to 'float', possible loss of data
  Controller.cpp
H:\FYP code\sxg081\GameChecker.cpp(104,18): warning C4244: 'initializing': conversion from 'double' to 'float', possible loss of data
H:\FYP code\sxg081\GameChecker.cpp(108,1): warning C4305: 'initializing': truncation from 'int' to 'float'
H:\FYP code\sxg081\GameChecker.cpp(112,19): warning C4244: 'initializing': conversion from 'double' to 'float', possible loss of data
H:\FYP code\sxg081\GameChecker.cpp(135,18): warning C4244: 'initializing': conversion from 'double' to 'float', possible loss of data
H:\FYP code\sxg081\GameChecker.cpp(130,19): warning C4101: 'z_Target': unreferenced local variable
H:\FYP code\sxg081\GameChecker.cpp(129,20): warning C4101: 'z_Current': unreferenced local variable
H:\FYP code\sxg081\Controller.cpp(23,24): warning C4244: 'initializing': conversion from 'double' to 'float', possible loss of data
  dllmain.cpp
  C:\Program Files (x86)\Windows Kits\10\Include\10.0.22000.0\um\dinput.h: DIRECTINPUT_VERSION undefined. Defaulting to version 0x0800
H:\FYP code\sxg081\GameChecker.cpp(104,18): warning C4244: 'initializing': conversion from 'double' to 'float', possible loss of data
H:\FYP code\sxg081\GameChecker.cpp(108,1): warning C4305: 'initializing': truncation from 'int' to 'float'
H:\FYP code\sxg081\GameChecker.cpp(112,19): warning C4244: 'initializing': conversion from 'double' to 'float', possible loss of data
H:\FYP code\sxg081\GameChecker.cpp(135,18): warning C4244: 'initializing': conversion from 'double' to 'float', possible loss of data
H:\FYP code\sxg081\GameChecker.cpp(130,19): warning C4101: 'z_Target': unreferenced local variable
H:\FYP code\sxg081\GameChecker.cpp(129,20): warning C4101: 'z_Current': unreferenced local variable
H:\FYP code\sxg081\Controller.cpp(23,24): warning C4244: 'initializing': conversion from 'double' to 'float', possible loss of data
H:\FYP code\sxg081\Autoplayer.cpp(683,24): warning C4244: 'initializing': conversion from 'double' to 'float', possible loss of data
H:\FYP code\sxg081\dllmain.cpp(33,29): warning C4477: 'printf' : format string '%p' requires an argument of type 'void *', but variadic argument 1 has type 'uintptr_t'
  Enemies.cpp
  Entity.cpp
  GameChecker.cpp
H:\FYP code\sxg081\GameChecker.cpp(104,18): warning C4244: 'initializing': conversion from 'double' to 'float', possible loss of data
H:\FYP code\sxg081\GameChecker.cpp(108,1): warning C4305: 'initializing': truncation from 'int' to 'float'
H:\FYP code\sxg081\GameChecker.cpp(112,19): warning C4244: 'initializing': conversion from 'double' to 'float', possible loss of data
H:\FYP code\sxg081\GameChecker.cpp(135,18): warning C4244: 'initializing': conversion from 'double' to 'float', possible loss of data
H:\FYP code\sxg081\GameChecker.cpp(130,19): warning C4101: 'z_Target': unreferenced local variable
H:\FYP code\sxg081\GameChecker.cpp(129,20): warning C4101: 'z_Current': unreferenced local variable
  Players.cpp
  Generating Code...
  FinalYearProject.vcxproj -> H:\FYP code\sxg081\x64\Debug\FinalYearProject.dll
  'pwsh.exe' is not recognized as an internal or external command,
  operable program or batch file.
