h:\fyp code\sxg081\x64\debug\finalyearproject.pch
h:\fyp code\sxg081\x64\debug\vc143.pdb
h:\fyp code\sxg081\x64\debug\vc143.idb
h:\fyp code\sxg081\x64\debug\pch.obj
h:\fyp code\sxg081\x64\debug\players.obj
h:\fyp code\sxg081\x64\debug\gamechecker.obj
h:\fyp code\sxg081\x64\debug\entity.obj
h:\fyp code\sxg081\x64\debug\enemies.obj
h:\fyp code\sxg081\x64\debug\dllmain.obj
h:\fyp code\sxg081\x64\debug\controller.obj
h:\fyp code\sxg081\x64\debug\autoplayer.obj
h:\fyp code\sxg081\x64\debug\finalyearproject.dll
h:\fyp code\sxg081\x64\debug\finalyearproject.ilk
h:\fyp code\sxg081\x64\debug\finalyearproject.pdb
h:\fyp code\sxg081\x64\debug\finalyearproject.tlog\cl.command.1.tlog
h:\fyp code\sxg081\x64\debug\finalyearproject.tlog\cl.read.1.tlog
h:\fyp code\sxg081\x64\debug\finalyearproject.tlog\cl.write.1.tlog
h:\fyp code\sxg081\x64\debug\finalyearproject.tlog\link.command.1.tlog
h:\fyp code\sxg081\x64\debug\finalyearproject.tlog\link.read.1.tlog
h:\fyp code\sxg081\x64\debug\finalyearproject.tlog\link.write.1.tlog
